<?xml version="1.0" encoding="UTF-8"?>
<!-- Generated by org.testng.reporters.JUnitReportReporter -->
<testsuite hostname="DESKTOP-LKHQBG4" failures="0" tests="2" name="selenium.learning.DropDownHandling" time="23.948" errors="0" timestamp="2023-01-29T17:37:42 IST" skipped="0">
  <testcase classname="selenium.learning.DropDownHandling" name="dropDownHandling" time="12.819"/>
  <system-out/>
  <testcase classname="selenium.learning.DropDownHandling" name="multiSelectDropDownHandling" time="11.129"/>
  <system-out/>
</testsuite> <!-- selenium.learning.DropDownHandling -->
