<?xml version="1.0" encoding="UTF-8"?>
<!-- Generated by org.testng.reporters.JUnitReportReporter -->
<testsuite hostname="DESKTOP-LKHQBG4" failures="0" tests="1" name="selenium.learning.Frames" time="11.582" errors="0" timestamp="2023-02-27T10:12:31 IST" skipped="0">
  <testcase classname="selenium.learning.Frames" name="nestedFrame" time="11.582"/>
  <system-out/>
</testsuite> <!-- selenium.learning.Frames -->
