<?xml version="1.0" encoding="UTF-8"?>
<!-- Generated by org.testng.reporters.JUnitReportReporter -->
<testsuite hostname="DESKTOP-LKHQBG4" failures="0" tests="1" name="selenium.learning.ScreenShotLearning" time="16.597" errors="0" timestamp="2023-03-16T11:12:35 IST" skipped="0">
  <testcase classname="selenium.learning.ScreenShotLearning" name="screenshot1" time="16.597"/>
  <system-out/>
</testsuite> <!-- selenium.learning.ScreenShotLearning -->
