<?xml version="1.0" encoding="UTF-8"?>
<!-- Generated by org.testng.reporters.JUnitReportReporter -->
<testsuite hostname="DESKTOP-LKHQBG4" failures="0" tests="1" name="selenium.learning.TableNameAssignment" time="8.751" errors="0" timestamp="2023-03-17T14:17:27 IST" skipped="0">
  <testcase classname="selenium.learning.TableNameAssignment" name="tableNameData" time="8.751"/>
  <system-out/>
</testsuite> <!-- selenium.learning.TableNameAssignment -->
