<?xml version="1.0" encoding="UTF-8"?>
<!-- Generated by org.testng.reporters.JUnitReportReporter -->
<testsuite hostname="DESKTOP-LKHQBG4" failures="0" tests="2" name="testNGLearnNew.GroupsSocial" time="26.931" errors="0" timestamp="2023-03-01T13:03:31 IST" skipped="0">
  <testcase classname="testNGLearnNew.GroupsSocial" name="twitter" time="11.723"/>
  <system-out/>
  <testcase classname="testNGLearnNew.GroupsSocial" name="facebook" time="15.208"/>
  <system-out/>
</testsuite> <!-- testNGLearnNew.GroupsSocial -->
