<?xml version="1.0" encoding="UTF-8"?>
<!-- Generated by org.testng.reporters.JUnitReportReporter -->
<testsuite hostname="DESKTOP-LKHQBG4" failures="0" tests="1" name="selenium.learning.CssEX" time="5.913" errors="0" timestamp="2023-03-15T12:01:52 IST" skipped="0">
  <testcase classname="selenium.learning.CssEX" name="cssSelectors" time="5.913"/>
  <system-out/>
</testsuite> <!-- selenium.learning.CssEX -->
