<?xml version="1.0" encoding="UTF-8"?>
<!-- Generated by org.testng.reporters.JUnitReportReporter -->
<testsuite hostname="DESKTOP-LKHQBG4" failures="0" tests="1" name="excel.learning.ExcelLearning" time="2.931" errors="0" timestamp="2023-03-08T11:14:42 IST" skipped="0">
  <testcase classname="excel.learning.ExcelLearning" name="excelLearning" time="2.931"/>
  <system-out/>
</testsuite> <!-- excel.learning.ExcelLearning -->
