<?xml version="1.0" encoding="UTF-8"?>
<!-- Generated by org.testng.reporters.JUnitReportReporter -->
<testsuite hostname="DESKTOP-LKHQBG4" failures="0" tests="1" name="selenium.learning.FileUploading" time="17.223" errors="0" timestamp="2023-03-16T10:14:32 IST" skipped="0">
  <testcase classname="selenium.learning.FileUploading" name="fileUpload" time="17.223"/>
  <system-out/>
</testsuite> <!-- selenium.learning.FileUploading -->
