<?xml version="1.0" encoding="UTF-8"?>
<!-- Generated by org.testng.reporters.JUnitReportReporter -->
<testsuite hostname="DESKTOP-LKHQBG4" failures="0" tests="1" name="selenium.learning.MouseOver" time="10.344" errors="0" timestamp="2023-02-06T10:45:13 IST" skipped="0">
  <testcase classname="selenium.learning.MouseOver" name="miouseOvering" time="10.344"/>
  <system-out/>
</testsuite> <!-- selenium.learning.MouseOver -->
