<?xml version="1.0" encoding="UTF-8"?>
<!-- Generated by org.testng.reporters.JUnitReportReporter -->
<testsuite hostname="DESKTOP-LKHQBG4" failures="0" tests="1" name="selenium.learning.Asserts" time="4.779" errors="0" timestamp="2023-01-30T10:29:00 IST" skipped="0">
  <testcase classname="selenium.learning.Asserts" name="followingAndPreceding" time="4.779"/>
  <system-out/>
</testsuite> <!-- selenium.learning.Asserts -->
