<?xml version="1.0" encoding="UTF-8"?>
<!-- Generated by org.testng.reporters.JUnitReportReporter -->
<testsuite hostname="DESKTOP-LKHQBG4" failures="0" tests="1" name="sikuli.learning.SikuliPratice" time="25.950" errors="0" timestamp="2023-03-29T11:13:10 IST" skipped="0">
  <testcase classname="sikuli.learning.SikuliPratice" name="sikuliPratice" time="25.950"/>
  <system-out/>
</testsuite> <!-- sikuli.learning.SikuliPratice -->
