<?xml version="1.0" encoding="UTF-8"?>
<!-- Generated by org.testng.reporters.JUnitReportReporter -->
<testsuite hostname="DESKTOP-LKHQBG4" failures="0" tests="1" name="testng.learning.PropertiesLearning" time="0.009" errors="0" timestamp="2023-02-14T11:08:28 IST" skipped="0">
  <testcase classname="testng.learning.PropertiesLearning" name="propertiesLearning" time="0.009"/>
  <system-out/>
</testsuite> <!-- testng.learning.PropertiesLearning -->
