<?xml version="1.0" encoding="UTF-8"?>
<!-- Generated by org.testng.reporters.JUnitReportReporter -->
<testsuite hostname="DESKTOP-LKHQBG4" failures="0" tests="1" name="selenium.learning.DragAndDrop" time="9.141" errors="0" timestamp="2023-02-06T10:42:35 IST" skipped="0">
  <testcase classname="selenium.learning.DragAndDrop" name="drag" time="9.141"/>
  <system-out/>
</testsuite> <!-- selenium.learning.DragAndDrop -->
