<?xml version="1.0" encoding="UTF-8"?>
<!-- Generated by org.testng.reporters.JUnitReportReporter -->
<testsuite hostname="DESKTOP-LKHQBG4" failures="0" tests="1" name="selenium.learning.JavascriptExecutorRedo" time="25.002" errors="0" timestamp="2023-03-21T11:03:13 IST" skipped="0">
  <testcase classname="selenium.learning.JavascriptExecutorRedo" name="jsExeceutor" time="25.002"/>
  <system-out/>
</testsuite> <!-- selenium.learning.JavascriptExecutorRedo -->
