<?xml version="1.0" encoding="UTF-8"?>
<!-- Generated by org.testng.reporters.JUnitReportReporter -->
<testsuite hostname="DESKTOP-LKHQBG4" failures="0" tests="1" name="selenium.learning.JavaScriptExecutor" time="72.787" errors="0" timestamp="2023-04-10T00:13:38 IST" skipped="0">
  <testcase classname="selenium.learning.JavaScriptExecutor" name="javascriptExecutor" time="72.787"/>
  <system-out/>
</testsuite> <!-- selenium.learning.JavaScriptExecutor -->
