<?xml version="1.0" encoding="UTF-8"?>
<!-- Generated by org.testng.reporters.JUnitReportReporter -->
<testsuite hostname="DESKTOP-LKHQBG4" failures="0" tests="4" name="testNGLearnNew.CloudProviders" time="60.465" errors="0" timestamp="2023-03-07T11:30:07 IST" skipped="0">
  <testcase classname="testNGLearnNew.CloudProviders" name="browserStack" time="14.723"/>
  <system-out/>
  <testcase classname="testNGLearnNew.CloudProviders" name="browserStack" time="13.781"/>
  <system-out/>
  <testcase classname="testNGLearnNew.CloudProviders" name="browserStack" time="13.857"/>
  <system-out/>
  <testcase classname="testNGLearnNew.CloudProviders" name="browserStack" time="18.104"/>
  <system-out/>
</testsuite> <!-- testNGLearnNew.CloudProviders -->
