<?xml version="1.0" encoding="UTF-8"?>
<!-- Generated by org.testng.reporters.JUnitReportReporter -->
<testsuite hostname="DESKTOP-LKHQBG4" failures="0" tests="1" name="selenium.learning.SwithWindowLearning" time="5.694" errors="0" timestamp="2023-04-05T08:59:41 IST" skipped="0">
  <testcase classname="selenium.learning.SwithWindowLearning" name="loginPage" time="5.694"/>
  <system-out/>
</testsuite> <!-- selenium.learning.SwithWindowLearning -->
