<?xml version="1.0" encoding="UTF-8"?>
<!-- Generated by org.testng.reporters.JUnitReportReporter -->
<testsuite hostname="DESKTOP-LKHQBG4" failures="0" tests="1" name="assignment.java.BrokenLinksProgram" time="39.496" errors="0" timestamp="2023-03-15T16:15:28 IST" skipped="0">
  <testcase classname="assignment.java.BrokenLinksProgram" name="brokenlinkFind" time="39.496"/>
  <system-out/>
</testsuite> <!-- assignment.java.BrokenLinksProgram -->
