<?xml version="1.0" encoding="UTF-8"?>
<!-- Generated by org.testng.reporters.JUnitReportReporter -->
<testsuite hostname="DESKTOP-LKHQBG4" failures="0" tests="3" name="testNGLearnNew.GroupsLearning" time="74.614" errors="0" timestamp="2023-03-01T13:03:31 IST" skipped="0">
  <testcase classname="testNGLearnNew.GroupsLearning" name="javaTPoint" time="51.582"/>
  <system-out/>
  <testcase classname="testNGLearnNew.GroupsLearning" name="guru99" time="11.405"/>
  <system-out/>
  <testcase classname="testNGLearnNew.GroupsLearning" name="guvi" time="11.627"/>
  <system-out/>
</testsuite> <!-- testNGLearnNew.GroupsLearning -->
