<?xml version="1.0" encoding="UTF-8"?>
<!-- Generated by org.testng.reporters.JUnitReportReporter -->
<testsuite hostname="DESKTOP-LKHQBG4" failures="0" tests="3" name="testNGLearnNew.CrossBrowserTesting" time="107.539" errors="0" timestamp="2023-03-14T15:40:18 IST" skipped="0">
  <testcase classname="testNGLearnNew.CrossBrowserTesting" name="verifyTittle" time="31.618"/>
  <system-out/>
  <testcase classname="testNGLearnNew.CrossBrowserTesting" name="verifyTittle" time="35.234"/>
  <system-out/>
  <testcase classname="testNGLearnNew.CrossBrowserTesting" name="verifyTittle" time="40.687"/>
  <system-out/>
</testsuite> <!-- testNGLearnNew.CrossBrowserTesting -->
