<?xml version="1.0" encoding="UTF-8"?>
<!-- Generated by org.testng.reporters.JUnitReportReporter -->
<testsuite hostname="DESKTOP-LKHQBG4" failures="0" tests="1" name="sikuli.learning.FileUploadLearning" time="34.353" errors="0" timestamp="2023-03-29T12:43:58 IST" skipped="0">
  <testcase classname="sikuli.learning.FileUploadLearning" name="fileUploadingOperation" time="34.353"/>
  <system-out/>
</testsuite> <!-- sikuli.learning.FileUploadLearning -->
