<?xml version="1.0" encoding="UTF-8"?>
<!-- Generated by org.testng.reporters.JUnitReportReporter -->
<testsuite hostname="DESKTOP-LKHQBG4" failures="0" tests="1" name="selenium.learning.SeleniumFirstLearning" time="19.464" errors="0" timestamp="2023-01-30T11:19:03 IST" skipped="0">
  <testcase classname="selenium.learning.SeleniumFirstLearning" name="sel" time="19.464"/>
  <system-out/>
</testsuite> <!-- selenium.learning.SeleniumFirstLearning -->
