<?xml version="1.0" encoding="UTF-8"?>
<!-- Generated by org.testng.reporters.JUnitReportReporter -->
<testsuite hostname="DESKTOP-LKHQBG4" failures="0" tests="1" name="testng.learning.ParameterLearning" time="0.009" errors="0" timestamp="2023-02-17T20:25:38 IST" skipped="0">
  <testcase classname="testng.learning.ParameterLearning" name="parameterLearning" time="0.009"/>
  <system-out/>
</testsuite> <!-- testng.learning.ParameterLearning -->
