<?xml version="1.0" encoding="UTF-8"?>
<!-- Generated by org.testng.reporters.JUnitReportReporter -->
<testsuite hostname="DESKTOP-LKHQBG4" failures="0" tests="2" name="testNGLearnNew.ParametersUsingDataProvider" time="31.968" errors="0" timestamp="2023-03-03T12:52:27 IST" skipped="0">
  <testcase classname="testNGLearnNew.ParametersUsingDataProvider" name="searchInGoogle" time="15.827"/>
  <system-out/>
  <testcase classname="testNGLearnNew.ParametersUsingDataProvider" name="searchInGoogle" time="16.141"/>
  <system-out/>
</testsuite> <!-- testNGLearnNew.ParametersUsingDataProvider -->
