<?xml version="1.0" encoding="UTF-8"?>
<!-- Generated by org.testng.reporters.JUnitReportReporter -->
<testsuite hostname="DESKTOP-LKHQBG4" failures="0" tests="8" name="testng.learning.PriortiesTestNg" time="0.018" errors="0" timestamp="2023-02-10T11:46:21 IST" skipped="0">
  <testcase classname="testng.learning.PriortiesTestNg" name="mulThreeNo" time="0.009"/>
  <system-out/>
  <testcase classname="testng.learning.PriortiesTestNg" name="divTwoNo" time="0.001"/>
  <system-out/>
  <testcase classname="testng.learning.PriortiesTestNg" name="sumTwoNo" time="0.001"/>
  <system-out/>
  <testcase classname="testng.learning.PriortiesTestNg" name="divThreeNo" time="0.000"/>
  <system-out/>
  <testcase classname="testng.learning.PriortiesTestNg" name="subTwoNo" time="0.002"/>
  <system-out/>
  <testcase classname="testng.learning.PriortiesTestNg" name="sumThreeNo" time="0.002"/>
  <system-out/>
  <testcase classname="testng.learning.PriortiesTestNg" name="mulTwoNo" time="0.001"/>
  <system-out/>
  <testcase classname="testng.learning.PriortiesTestNg" name="subThreeNo" time="0.002"/>
  <system-out/>
</testsuite> <!-- testng.learning.PriortiesTestNg -->
