<?xml version="1.0" encoding="UTF-8"?>
<!-- Generated by org.testng.reporters.JUnitReportReporter -->
<testsuite hostname="DESKTOP-LKHQBG4" failures="0" tests="3" name="testng.learning.GoogleAssessment" time="50.565" errors="0" timestamp="2023-02-09T12:09:49 IST" skipped="0">
  <testcase classname="testng.learning.GoogleAssessment" name="testCase1" time="15.259"/>
  <system-out/>
  <testcase classname="testng.learning.GoogleAssessment" name="testCase2" time="16.599"/>
  <system-out/>
  <testcase classname="testng.learning.GoogleAssessment" name="testCase3" time="18.707"/>
  <system-out/>
</testsuite> <!-- testng.learning.GoogleAssessment -->
