<?xml version="1.0" encoding="UTF-8"?>
<!-- Generated by org.testng.reporters.JUnitReportReporter -->
<testsuite hostname="DESKTOP-LKHQBG4" failures="0" tests="6" name="testng.learning.TestNgGroupsLearning" time="0.040" errors="0" timestamp="2023-02-10T11:29:27 IST" skipped="0">
  <testcase classname="testng.learning.TestNgGroupsLearning" name="sumThreeNo" time="0.005"/>
  <system-out/>
  <testcase classname="testng.learning.TestNgGroupsLearning" name="divTwoNo" time="0.020"/>
  <system-out/>
  <testcase classname="testng.learning.TestNgGroupsLearning" name="subThreeNo" time="0.004"/>
  <system-out/>
  <testcase classname="testng.learning.TestNgGroupsLearning" name="sumTwoNo" time="0.003"/>
  <system-out/>
  <testcase classname="testng.learning.TestNgGroupsLearning" name="subTwoNo" time="0.008"/>
  <system-out/>
  <testcase classname="testng.learning.TestNgGroupsLearning" name="divThreeNo" time="0.000"/>
  <system-out/>
</testsuite> <!-- testng.learning.TestNgGroupsLearning -->
