<?xml version="1.0" encoding="UTF-8"?>
<!-- Generated by org.testng.reporters.JUnitReportReporter -->
<testsuite hostname="DESKTOP-LKHQBG4" failures="0" tests="1" name="selenium.learning.TableHandling" time="9.788" errors="0" timestamp="2023-02-27T17:44:47 IST" skipped="0">
  <testcase classname="selenium.learning.TableHandling" name="tableHandling" time="9.788"/>
  <system-out/>
</testsuite> <!-- selenium.learning.TableHandling -->
