<?xml version="1.0" encoding="UTF-8"?>
<!-- Generated by org.testng.reporters.JUnitReportReporter -->
<testsuite hostname="DESKTOP-LKHQBG4" failures="0" tests="4" name="testng.learning.TestngAnnotations" time="0.022" errors="0" timestamp="2023-02-28T11:52:24 IST" skipped="1">
  <testcase classname="testng.learning.TestngAnnotations" name="testCase4" time="0.004"/>
  <system-out/>
  <testcase classname="testng.learning.TestngAnnotations" name="testCase3" time="0.012"/>
  <system-out/>
  <testcase classname="testng.learning.TestngAnnotations" name="testCase2" time="0.006"/>
  <system-out/>
  <testcase classname="testng.learning.TestngAnnotations" name="testCase1">
    <skipped/>
  </testcase> <!-- testCase1 -->
  <system-out/>
</testsuite> <!-- testng.learning.TestngAnnotations -->
