<?xml version="1.0" encoding="UTF-8"?>
<!-- Generated by org.testng.reporters.JUnitReportReporter -->
<testsuite hostname="DESKTOP-LKHQBG4" failures="0" tests="1" name="selenium.learning.FrameHandling" time="7.467" errors="0" timestamp="2023-02-07T11:09:46 IST" skipped="0">
  <testcase classname="selenium.learning.FrameHandling" name="frameHandling" time="7.467"/>
  <system-out/>
</testsuite> <!-- selenium.learning.FrameHandling -->
