<?xml version="1.0" encoding="UTF-8"?>
<!-- Generated by org.testng.reporters.JUnitReportReporter -->
<testsuite hostname="DESKTOP-LKHQBG4" failures="0" tests="1" name="testNGLearnNew.ParameterWithTestNGXML" time="15.642" errors="0" timestamp="2023-03-03T12:20:10 IST" skipped="0">
  <testcase classname="testNGLearnNew.ParameterWithTestNGXML" name="search" time="15.642"/>
  <system-out/>
</testsuite> <!-- testNGLearnNew.ParameterWithTestNGXML -->
