<?xml version="1.0" encoding="UTF-8"?>
<!-- Generated by org.testng.reporters.JUnitReportReporter -->
<testsuite hostname="DESKTOP-LKHQBG4" failures="0" tests="1" name="sikuli.learning.SikuliExamples" time="38.981" errors="0" timestamp="2023-03-28T11:50:31 IST" skipped="0">
  <testcase classname="sikuli.learning.SikuliExamples" name="sikuliActions" time="38.981"/>
  <system-out/>
</testsuite> <!-- sikuli.learning.SikuliExamples -->
