<?xml version="1.0" encoding="UTF-8"?>
<!-- Generated by org.testng.reporters.JUnitReportReporter -->
<testsuite hostname="DESKTOP-LKHQBG4" failures="0" tests="3" name="testNGLearnNew.ExcelDataprovider" time="98.888" errors="0" timestamp="2023-03-22T15:27:28 IST" skipped="0">
  <testcase classname="testNGLearnNew.ExcelDataprovider" name="verifyTitle" time="33.145"/>
  <system-out/>
  <testcase classname="testNGLearnNew.ExcelDataprovider" name="verifyTitle" time="28.107"/>
  <system-out/>
  <testcase classname="testNGLearnNew.ExcelDataprovider" name="verifyTitle" time="37.636"/>
  <system-out/>
</testsuite> <!-- testNGLearnNew.ExcelDataprovider -->
