<?xml version="1.0" encoding="UTF-8"?>
<!-- Generated by org.testng.reporters.JUnitReportReporter -->
<testsuite hostname="DESKTOP-LKHQBG4" failures="0" tests="1" name="assignment.java.GettingAllLinks" time="22.844" errors="0" timestamp="2023-03-15T16:08:40 IST" skipped="0">
  <testcase classname="assignment.java.GettingAllLinks" name="seleniumLearningLinks" time="22.844"/>
  <system-out/>
</testsuite> <!-- assignment.java.GettingAllLinks -->
