<?xml version="1.0" encoding="UTF-8"?>
<!-- Generated by org.testng.reporters.JUnitReportReporter -->
<testsuite hostname="DESKTOP-LKHQBG4" failures="0" tests="2" name="selenium.learning.WaitStatement" time="22.122" errors="0" timestamp="2023-03-14T12:05:29 IST" skipped="0">
  <testcase classname="selenium.learning.WaitStatement" name="fluent" time="11.848"/>
  <system-out/>
  <testcase classname="selenium.learning.WaitStatement" name="implicitWaitAndExplicitWait" time="10.274"/>
  <system-out/>
</testsuite> <!-- selenium.learning.WaitStatement -->
