<?xml version="1.0" encoding="UTF-8"?>
<!-- Generated by org.testng.reporters.JUnitReportReporter -->
<testsuite hostname="DESKTOP-LKHQBG4" failures="0" tests="2" name="testng.learning.AnnotationLearning" time="0.009" errors="0" timestamp="2023-02-09T12:12:37 IST" skipped="0">
  <testcase classname="testng.learning.AnnotationLearning" name="test2" time="0.004"/>
  <system-out/>
  <testcase classname="testng.learning.AnnotationLearning" name="test" time="0.005"/>
  <system-out/>
</testsuite> <!-- testng.learning.AnnotationLearning -->
